help.are
abondond.are
tarunia.are
sfhq.are
vladdhq.are
rthq.are
mage.are
atlantis.are
torcal.are
relic.are
limbo.are
smurf.are
plains.are
ultima.are
ofcol2.are
olympus.are
air.are
shire.are
hitower.are
gnome.are
wyvern.are
catacomb.are
hood.are
draconia.are
mahntor.are
trollden.are
firenewt.are
midgaard.are
chapel.are
midennir.are
grave.are
school.are
moria.are
juargan.are
eastern.are
kavir.are
pyramid.are
drow.are
thalos.are
mirror.are
ofcol.are
arachnos.are
haon.are
dwarven.are
daycare.are
sewer.are
valley.are
redferne.are
mega1.are
marsh.are
dream.are
grove.are
dylan.are
canyon.are
galaxy.are
mobfact.are
start.are
quest.are
abode.are
db.are
doom.are
Vallanda.are
weed.are
arena.are
god.are
area65.are
sage.are
area67.are
area68.are
area69.are
area70.are
king01.are
king03.are
astral.are
xkilla.are
area72.are
area73.are
area74.are
area75.are
area76.are
area77.are
area78.are
area79.are
area80.are
area81.are
area82.are
area85.are
$
